app/build/intermediates/manifest_merge_blame_file/release/manifest-merger-blame-release-report.txt
1<?xml version="1.0" encoding="utf-8"?>
2<manifest xmlns:android="http://schemas.android.com/apk/res/android"
3    package="com.kengy.projetomaxima"
4    android:versionCode="1"
5    android:versionName="1.0" >
6
7    <uses-sdk
8        android:minSdkVersion="22"
8-->src\main\AndroidManifest.xml
9        android:targetSdkVersion="29" />
9-->src\main\AndroidManifest.xml
10
11    <uses-permission android:name="android.permission.INTERNET" />
11-->src\main\AndroidManifest.xml:6:5-66
11-->src\main\AndroidManifest.xml:6:22-64
12    <uses-permission android:name="android.permission.ACCESS_NETWORK_STATE" />
12-->src\main\AndroidManifest.xml:7:5-78
12-->src\main\AndroidManifest.xml:7:22-76
13    <uses-permission android:name="android.permission.RECEIVE_BOOT_COMPLETED" />
13-->src\main\AndroidManifest.xml:8:5-80
13-->src\main\AndroidManifest.xml:8:22-78
14
15    <application
15-->src\main\AndroidManifest.xml:11:5-44:19
16        android:allowBackup="true"
16-->src\main\AndroidManifest.xml:12:9-35
17        android:appComponentFactory="androidx.core.app.CoreComponentFactory"
17-->[androidx.core:core:1.1.0] AndroidManifest.xml:24:18-86
18        android:icon="@mipmap/ic_launcher"
18-->src\main\AndroidManifest.xml:13:9-43
19        android:label="@string/app_name"
19-->src\main\AndroidManifest.xml:14:9-41
20        android:roundIcon="@mipmap/ic_launcher_round"
20-->src\main\AndroidManifest.xml:15:9-54
21        android:supportsRtl="true"
21-->src\main\AndroidManifest.xml:16:9-35
22        android:theme="@style/AppTheme" >
22-->src\main\AndroidManifest.xml:17:9-40
23        <activity
23-->src\main\AndroidManifest.xml:19:9-21:81
24            android:name="com.kengy.projetomaxima.View.BottonNavClient"
24-->src\main\AndroidManifest.xml:20:13-49
25            android:label="@string/title_activity_botton_nav_client" />
25-->src\main\AndroidManifest.xml:21:13-69
26        <activity
26-->src\main\AndroidManifest.xml:22:9-31:20
27            android:name="com.kengy.projetomaxima.View.SplashScreen"
27-->src\main\AndroidManifest.xml:23:13-46
28            android:label="@string/title_activity_splash_screen"
28-->src\main\AndroidManifest.xml:24:13-65
29            android:theme="@style/Theme.Design.NoActionBar" >
29-->src\main\AndroidManifest.xml:25:13-60
30            <intent-filter>
30-->src\main\AndroidManifest.xml:26:13-30:29
31                <action android:name="android.intent.action.MAIN" />
31-->src\main\AndroidManifest.xml:27:17-69
31-->src\main\AndroidManifest.xml:27:25-66
32
33                <category android:name="android.intent.category.LAUNCHER" />
33-->src\main\AndroidManifest.xml:29:17-77
33-->src\main\AndroidManifest.xml:29:27-74
34            </intent-filter>
35        </activity>
36        <activity
36-->src\main\AndroidManifest.xml:32:9-39:20
37            android:name="com.kengy.projetomaxima.View.MenuPrincipal"
37-->src\main\AndroidManifest.xml:32:19-53
38            android:label="Menu Principal" >
38-->src\main\AndroidManifest.xml:33:13-43
39            <intent-filter>
39-->src\main\AndroidManifest.xml:26:13-30:29
40                <action android:name="android.intent.action.MAIN" />
40-->src\main\AndroidManifest.xml:27:17-69
40-->src\main\AndroidManifest.xml:27:25-66
41
42                <category android:name="android.intent.category.LAUNCHER" />
42-->src\main\AndroidManifest.xml:29:17-77
42-->src\main\AndroidManifest.xml:29:27-74
43            </intent-filter>
44        </activity>
45
46        <service
46-->src\main\AndroidManifest.xml:41:9-43:38
47            android:name="com.kengy.projetomaxima.jobs.MyJobScheduler"
47-->src\main\AndroidManifest.xml:41:18-53
48            android:exported="true"
48-->src\main\AndroidManifest.xml:43:13-36
49            android:permission="android.permission.BIND_JOB_SERVICE" />
49-->src\main\AndroidManifest.xml:42:13-69
50
51        <provider
51-->[io.coil-kt:coil:0.8.0] AndroidManifest.xml:10:9-13:40
52            android:name="coil.util.CoilContentProvider"
52-->[io.coil-kt:coil:0.8.0] AndroidManifest.xml:11:13-57
53            android:authorities="com.kengy.projetomaxima.coil"
53-->[io.coil-kt:coil:0.8.0] AndroidManifest.xml:12:13-56
54            android:exported="false" />
54-->[io.coil-kt:coil:0.8.0] AndroidManifest.xml:13:13-37
55        <provider
55-->[com.squareup.picasso:picasso:2.71828] AndroidManifest.xml:8:9-11:40
56            android:name="com.squareup.picasso.PicassoProvider"
56-->[com.squareup.picasso:picasso:2.71828] AndroidManifest.xml:9:13-64
57            android:authorities="com.kengy.projetomaxima.com.squareup.picasso"
57-->[com.squareup.picasso:picasso:2.71828] AndroidManifest.xml:10:13-72
58            android:exported="false" />
58-->[com.squareup.picasso:picasso:2.71828] AndroidManifest.xml:11:13-37
59
60        <service
60-->[androidx.room:room-runtime:2.2.0-beta01] AndroidManifest.xml:25:9-27:40
61            android:name="androidx.room.MultiInstanceInvalidationService"
61-->[androidx.room:room-runtime:2.2.0-beta01] AndroidManifest.xml:26:13-74
62            android:exported="false" />
62-->[androidx.room:room-runtime:2.2.0-beta01] AndroidManifest.xml:27:13-37
63
64        <provider
64-->[androidx.lifecycle:lifecycle-process:2.0.0] AndroidManifest.xml:23:9-27:43
65            android:name="androidx.lifecycle.ProcessLifecycleOwnerInitializer"
65-->[androidx.lifecycle:lifecycle-process:2.0.0] AndroidManifest.xml:24:13-79
66            android:authorities="com.kengy.projetomaxima.lifecycle-process"
66-->[androidx.lifecycle:lifecycle-process:2.0.0] AndroidManifest.xml:25:13-69
67            android:exported="false"
67-->[androidx.lifecycle:lifecycle-process:2.0.0] AndroidManifest.xml:26:13-37
68            android:multiprocess="true" />
68-->[androidx.lifecycle:lifecycle-process:2.0.0] AndroidManifest.xml:27:13-40
69    </application>
70
71</manifest>